<?xml version="1.0" encoding="UTF-8"?>
<testsuite xmlns:xsi="http://www.w3.org/2001/XMLSchema-instance" xsi:noNamespaceSchemaLocation="https://maven.apache.org/surefire/maven-surefire-plugin/xsd/surefire-test-report-3.0.xsd" version="3.0" name="org.example.AppTest" time="0.014" tests="1" errors="0" skipped="0" failures="0">
  <properties>
    <property name="java.specification.version" value="17"/>
    <property name="sun.cpu.isalist" value="amd64"/>
    <property name="sun.jnu.encoding" value="GBK"/>
    <property name="java.class.path" value="E:\myprojects\springbootbyhand\springboot-hand-starter\target\test-classes;E:\myprojects\springbootbyhand\springboot-hand-starter\target\classes;E:\Maven\maven-repository\junit\junit\3.8.1\junit-3.8.1.jar;E:\Maven\maven-repository\org\huayu\huayu-web\1.0-SNAPSHOT\huayu-web-1.0-SNAPSHOT.jar;E:\Maven\maven-repository\com\fasterxml\jackson\core\jackson-databind\2.11.0\jackson-databind-2.11.0.jar;E:\Maven\maven-repository\com\fasterxml\jackson\core\jackson-annotations\2.11.0\jackson-annotations-2.11.0.jar;E:\Maven\maven-repository\com\fasterxml\jackson\core\jackson-core\2.11.0\jackson-core-2.11.0.jar;E:\Maven\maven-repository\org\springframework\spring-beans\5.3.23\spring-beans-5.3.23.jar;E:\Maven\maven-repository\org\springframework\spring-context\5.3.23\spring-context-5.3.23.jar;E:\Maven\maven-repository\org\springframework\spring-aop\5.3.23\spring-aop-5.3.23.jar;E:\Maven\maven-repository\org\springframework\spring-expression\5.3.23\spring-expression-5.3.23.jar;E:\Maven\maven-repository\org\springframework\spring-core\5.3.23\spring-core-5.3.23.jar;E:\Maven\maven-repository\org\springframework\spring-jcl\5.3.23\spring-jcl-5.3.23.jar;E:\Maven\maven-repository\javax\servlet\javax.servlet-api\4.0.1\javax.servlet-api-4.0.1.jar;E:\Maven\maven-repository\org\apache\tomcat\embed\tomcat-embed-core\9.0.60\tomcat-embed-core-9.0.60.jar;E:\Maven\maven-repository\org\apache\tomcat\tomcat-annotations-api\9.0.60\tomcat-annotations-api-9.0.60.jar;"/>
    <property name="java.vm.vendor" value="Oracle Corporation"/>
    <property name="sun.arch.data.model" value="64"/>
    <property name="user.variant" value=""/>
    <property name="java.vendor.url" value="https://java.oracle.com/"/>
    <property name="user.timezone" value="Asia/Shanghai"/>
    <property name="os.name" value="Windows 11"/>
    <property name="java.vm.specification.version" value="17"/>
    <property name="sun.java.launcher" value="SUN_STANDARD"/>
    <property name="user.country" value="CN"/>
    <property name="sun.boot.library.path" value="E:\Java\bin"/>
    <property name="sun.java.command" value="C:\Users\余思衡\AppData\Local\Temp\surefire4030191673349544720\surefirebooter-20240813212704260_3.jar C:\Users\余思衡\AppData\Local\Temp\surefire4030191673349544720 2024-08-13T21-27-04_072-jvmRun1 surefire-20240813212704260_1tmp surefire_0-20240813212704260_2tmp"/>
    <property name="jdk.debug" value="release"/>
    <property name="surefire.test.class.path" value="E:\myprojects\springbootbyhand\springboot-hand-starter\target\test-classes;E:\myprojects\springbootbyhand\springboot-hand-starter\target\classes;E:\Maven\maven-repository\junit\junit\3.8.1\junit-3.8.1.jar;E:\Maven\maven-repository\org\huayu\huayu-web\1.0-SNAPSHOT\huayu-web-1.0-SNAPSHOT.jar;E:\Maven\maven-repository\com\fasterxml\jackson\core\jackson-databind\2.11.0\jackson-databind-2.11.0.jar;E:\Maven\maven-repository\com\fasterxml\jackson\core\jackson-annotations\2.11.0\jackson-annotations-2.11.0.jar;E:\Maven\maven-repository\com\fasterxml\jackson\core\jackson-core\2.11.0\jackson-core-2.11.0.jar;E:\Maven\maven-repository\org\springframework\spring-beans\5.3.23\spring-beans-5.3.23.jar;E:\Maven\maven-repository\org\springframework\spring-context\5.3.23\spring-context-5.3.23.jar;E:\Maven\maven-repository\org\springframework\spring-aop\5.3.23\spring-aop-5.3.23.jar;E:\Maven\maven-repository\org\springframework\spring-expression\5.3.23\spring-expression-5.3.23.jar;E:\Maven\maven-repository\org\springframework\spring-core\5.3.23\spring-core-5.3.23.jar;E:\Maven\maven-repository\org\springframework\spring-jcl\5.3.23\spring-jcl-5.3.23.jar;E:\Maven\maven-repository\javax\servlet\javax.servlet-api\4.0.1\javax.servlet-api-4.0.1.jar;E:\Maven\maven-repository\org\apache\tomcat\embed\tomcat-embed-core\9.0.60\tomcat-embed-core-9.0.60.jar;E:\Maven\maven-repository\org\apache\tomcat\tomcat-annotations-api\9.0.60\tomcat-annotations-api-9.0.60.jar;"/>
    <property name="sun.cpu.endian" value="little"/>
    <property name="user.home" value="C:\Users\余思衡"/>
    <property name="user.language" value="zh"/>
    <property name="java.specification.vendor" value="Oracle Corporation"/>
    <property name="java.version.date" value="2023-07-18"/>
    <property name="java.home" value="E:\Java"/>
    <property name="file.separator" value="\"/>
    <property name="basedir" value="E:\myprojects\springbootbyhand\springboot-hand-starter"/>
    <property name="java.vm.compressedOopsMode" value="Zero based"/>
    <property name="line.separator" value="&#10;"/>
    <property name="java.vm.specification.vendor" value="Oracle Corporation"/>
    <property name="java.specification.name" value="Java Platform API Specification"/>
    <property name="surefire.real.class.path" value="C:\Users\余思衡\AppData\Local\Temp\surefire4030191673349544720\surefirebooter-20240813212704260_3.jar"/>
    <property name="user.script" value=""/>
    <property name="sun.management.compiler" value="HotSpot 64-Bit Tiered Compilers"/>
    <property name="java.runtime.version" value="17.0.8+9-LTS-211"/>
    <property name="user.name" value="余思衡"/>
    <property name="path.separator" value=";"/>
    <property name="os.version" value="10.0"/>
    <property name="java.runtime.name" value="Java(TM) SE Runtime Environment"/>
    <property name="file.encoding" value="GBK"/>
    <property name="java.vm.name" value="Java HotSpot(TM) 64-Bit Server VM"/>
    <property name="localRepository" value="E:\Maven\maven-repository"/>
    <property name="java.vendor.url.bug" value="https://bugreport.java.com/bugreport/"/>
    <property name="java.io.tmpdir" value="C:\Users\余思衡\AppData\Local\Temp\"/>
    <property name="idea.version" value="2023.2.1"/>
    <property name="java.version" value="17.0.8"/>
    <property name="user.dir" value="E:\myprojects\springbootbyhand\springboot-hand-starter"/>
    <property name="os.arch" value="amd64"/>
    <property name="java.vm.specification.name" value="Java Virtual Machine Specification"/>
    <property name="sun.os.patch.level" value=""/>
    <property name="native.encoding" value="GBK"/>
    <property name="java.library.path" value="E:\Java\bin;C:\windows\Sun\Java\bin;C:\windows\system32;C:\windows;E:\virtualMachine\bin\;C:\Program Files\Common Files\Oracle\Java\javapath;C:\Program Files (x86)\Common Files\Oracle\Java\java8path;C:\Program Files (x86)\Common Files\Oracle\Java\javapath;C:\windows\system32;C:\windows;C:\windows\System32\Wbem;C:\windows\System32\WindowsPowerShell\v1.0\;C:\windows\System32\OpenSSH\;C:\Program Files (x86)\NVIDIA Corporation\PhysX\Common;C:\Program Files\NVIDIA Corporation\NVIDIA NvDLISR;C:\Users\Administrator\AppData\Local\Microsoft\WindowsApps;C:\Program Files\HP\OMEN-Broadcast\Common;%JAVA_HOME%\bin;%JAVA_HOME%\jre\bin;E:\downlode\mysql-8.0.35-winx64\bin;E:\Maven\apache-maven-3.9.6\bin;E:\Jmeter\apache-jmeter-5.6.3\bin;E:\XShell\;E:\XFTP\;C:\Program Files\dotnet\;E:\Windows Kits\10\Windows Performance Toolkit\;C:\Program Files\HP\HP One Agent;E:\downlode\proto\protoc-27.1-win64\bin;C:\MinGW\bin;D:\steam\Git\cmd;E:\downlode\gradle\gradle-7.5\bin;C:\Users\余思衡\AppData\Local\Microsoft\WindowsApps;E:\IDEA\IntelliJ IDEA 2023.2.1\bin;;C:\Users\余思衡\.dotnet\tools;E:\javase\java8\bin;;."/>
    <property name="java.vm.info" value="mixed mode, sharing"/>
    <property name="java.vendor" value="Oracle Corporation"/>
    <property name="java.vm.version" value="17.0.8+9-LTS-211"/>
    <property name="sun.io.unicode.encoding" value="UnicodeLittle"/>
    <property name="maven.repo.local" value="E:\Maven\maven-repository"/>
    <property name="java.class.version" value="61.0"/>
  </properties>
  <testcase name="testApp" classname="org.example.AppTest" time="0.002"/>
</testsuite>